  [1m[35m (1.3ms)[0m  [1m[34mSELECT sqlite_version(*)[0m
  [1m[35m (1.2ms)[0m  [1m[35mCREATE TABLE "schema_migrations" ("version" varchar NOT NULL PRIMARY KEY)[0m
  [1m[35m (1.1ms)[0m  [1m[35mCREATE TABLE "ar_internal_metadata" ("key" varchar NOT NULL PRIMARY KEY, "value" varchar, "created_at" datetime(6) NOT NULL, "updated_at" datetime(6) NOT NULL)[0m
  [1m[35m (0.1ms)[0m  [1m[34mSELECT "schema_migrations"."version" FROM "schema_migrations" ORDER BY "schema_migrations"."version" ASC[0m
Migrating to CreateAppComponentTeams (20200211175509)
  [1m[35m (0.1ms)[0m  [1m[36mbegin transaction[0m
  [1m[35m (0.7ms)[0m  [1m[35mCREATE TABLE "app_component_teams" ("id" integer PRIMARY KEY AUTOINCREMENT NOT NULL, "name" varchar, "created_at" datetime(6) NOT NULL, "updated_at" datetime(6) NOT NULL)[0m
  [1m[36mprimary::SchemaMigration Create (0.1ms)[0m  [1m[32mINSERT INTO "schema_migrations" ("version") VALUES (?)[0m  [["version", "20200211175509"]]
  [1m[35m (0.8ms)[0m  [1m[36mcommit transaction[0m
Migrating to CreateAppComponentGames (20200211175626)
  [1m[35m (0.0ms)[0m  [1m[36mbegin transaction[0m
  [1m[35m (0.3ms)[0m  [1m[35mCREATE TABLE "app_component_games" ("id" integer PRIMARY KEY AUTOINCREMENT NOT NULL, "date" datetime, "location" varchar, "first_team_id" integer, "second_team_id" integer, "winning_team" integer, "first_team_score" integer, "second_team_score" integer, "created_at" datetime(6) NOT NULL, "updated_at" datetime(6) NOT NULL)[0m
  [1m[36mprimary::SchemaMigration Create (0.1ms)[0m  [1m[32mINSERT INTO "schema_migrations" ("version") VALUES (?)[0m  [["version", "20200211175626"]]
  [1m[35m (0.6ms)[0m  [1m[36mcommit transaction[0m
  [1m[36mActiveRecord::InternalMetadata Load (0.2ms)[0m  [1m[34mSELECT "ar_internal_metadata".* FROM "ar_internal_metadata" WHERE "ar_internal_metadata"."key" = ? LIMIT ?[0m  [["key", "environment"], ["LIMIT", 1]]
  [1m[35m (0.1ms)[0m  [1m[36mbegin transaction[0m
  [1m[36mActiveRecord::InternalMetadata Create (0.4ms)[0m  [1m[32mINSERT INTO "ar_internal_metadata" ("key", "value", "created_at", "updated_at") VALUES (?, ?, ?, ?)[0m  [["key", "environment"], ["value", "development"], ["created_at", "2020-02-17 18:19:36.705192"], ["updated_at", "2020-02-17 18:19:36.705192"]]
  [1m[35m (0.7ms)[0m  [1m[36mcommit transaction[0m
  [1m[35m (0.1ms)[0m  [1m[34mSELECT sqlite_version(*)[0m
  [1m[35m (0.1ms)[0m  [1m[34mSELECT "schema_migrations"."version" FROM "schema_migrations" ORDER BY "schema_migrations"."version" ASC[0m
  [1m[35m (1.2ms)[0m  [1m[34mSELECT sqlite_version(*)[0m
  [1m[35m (0.1ms)[0m  [1m[34mSELECT "schema_migrations"."version" FROM "schema_migrations" ORDER BY "schema_migrations"."version" ASC[0m
  [1m[36mActiveRecord::InternalMetadata Load (0.1ms)[0m  [1m[34mSELECT "ar_internal_metadata".* FROM "ar_internal_metadata" WHERE "ar_internal_metadata"."key" = ? LIMIT ?[0m  [["key", "environment"], ["LIMIT", 1]]
  [1m[35m (0.0ms)[0m  [1m[34mSELECT sqlite_version(*)[0m
  [1m[35m (0.1ms)[0m  [1m[34mSELECT "schema_migrations"."version" FROM "schema_migrations" ORDER BY "schema_migrations"."version" ASC[0m
  [1m[35m (1.0ms)[0m  [1m[34mSELECT sqlite_version(*)[0m
  [1m[35m (0.1ms)[0m  [1m[34mSELECT "schema_migrations"."version" FROM "schema_migrations" ORDER BY "schema_migrations"."version" ASC[0m
  [1m[35m (0.1ms)[0m  [1m[34mSELECT "ar_internal_metadata"."value" FROM "ar_internal_metadata" WHERE "ar_internal_metadata"."key" = ?[0m  [["key", "environment"]]
  [1m[35m (0.1ms)[0m  [1m[34mSELECT "schema_migrations"."version" FROM "schema_migrations" ORDER BY "schema_migrations"."version" ASC[0m
  [1m[35m (0.1ms)[0m  [1m[34mSELECT "ar_internal_metadata"."value" FROM "ar_internal_metadata" WHERE "ar_internal_metadata"."key" = ?[0m  [["key", "environment"]]
  [1m[35m (0.1ms)[0m  [1m[34mSELECT "schema_migrations"."version" FROM "schema_migrations" ORDER BY "schema_migrations"."version" ASC[0m
  [1m[35m (0.1ms)[0m  [1m[34mSELECT "ar_internal_metadata"."value" FROM "ar_internal_metadata" WHERE "ar_internal_metadata"."key" = ?[0m  [["key", "environment"]]
  [1m[35m (0.0ms)[0m  [1m[34mSELECT sqlite_version(*)[0m
  [1m[35m (0.0ms)[0m  [1m[34mSELECT sqlite_version(*)[0m
  [1m[35m (0.0ms)[0m  [1m[34mSELECT sqlite_version(*)[0m
  [1m[35m (0.1ms)[0m  [1m[35mDROP TABLE IF EXISTS "app_component_games"[0m
  [1m[35m (0.9ms)[0m  [1m[35mCREATE TABLE "app_component_games" ("id" integer PRIMARY KEY AUTOINCREMENT NOT NULL, "date" datetime, "location" varchar, "first_team_id" integer, "second_team_id" integer, "winning_team" integer, "first_team_score" integer, "second_team_score" integer, "created_at" datetime(6) NOT NULL, "updated_at" datetime(6) NOT NULL)[0m
  [1m[35m (0.1ms)[0m  [1m[35mDROP TABLE IF EXISTS "app_component_teams"[0m
  [1m[35m (0.8ms)[0m  [1m[35mCREATE TABLE "app_component_teams" ("id" integer PRIMARY KEY AUTOINCREMENT NOT NULL, "name" varchar, "created_at" datetime(6) NOT NULL, "updated_at" datetime(6) NOT NULL)[0m
  [1m[35m (0.8ms)[0m  [1m[35mCREATE TABLE "schema_migrations" ("version" varchar NOT NULL PRIMARY KEY)[0m
  [1m[35m (0.1ms)[0m  [1m[34mSELECT "schema_migrations"."version" FROM "schema_migrations" ORDER BY "schema_migrations"."version" ASC[0m
  [1m[35m (1.0ms)[0m  [1m[32mINSERT INTO "schema_migrations" (version) VALUES (20200211175626)[0m
  [1m[35m (1.1ms)[0m  [1m[32mINSERT INTO "schema_migrations" (version) VALUES
(20200211175509);

[0m
  [1m[35m (1.0ms)[0m  [1m[35mCREATE TABLE "ar_internal_metadata" ("key" varchar NOT NULL PRIMARY KEY, "value" varchar, "created_at" datetime(6) NOT NULL, "updated_at" datetime(6) NOT NULL)[0m
  [1m[36mActiveRecord::InternalMetadata Load (0.1ms)[0m  [1m[34mSELECT "ar_internal_metadata".* FROM "ar_internal_metadata" WHERE "ar_internal_metadata"."key" = ? LIMIT ?[0m  [["key", "environment"], ["LIMIT", 1]]
  [1m[35m (0.0ms)[0m  [1m[36mbegin transaction[0m
  [1m[36mActiveRecord::InternalMetadata Create (0.3ms)[0m  [1m[32mINSERT INTO "ar_internal_metadata" ("key", "value", "created_at", "updated_at") VALUES (?, ?, ?, ?)[0m  [["key", "environment"], ["value", "development"], ["created_at", "2020-02-17 18:21:35.678585"], ["updated_at", "2020-02-17 18:21:35.678585"]]
  [1m[35m (0.8ms)[0m  [1m[36mcommit transaction[0m
  [1m[36mActiveRecord::InternalMetadata Load (0.1ms)[0m  [1m[34mSELECT "ar_internal_metadata".* FROM "ar_internal_metadata" WHERE "ar_internal_metadata"."key" = ? LIMIT ?[0m  [["key", "environment"], ["LIMIT", 1]]
  [1m[36mActiveRecord::InternalMetadata Load (0.1ms)[0m  [1m[34mSELECT "ar_internal_metadata".* FROM "ar_internal_metadata" WHERE "ar_internal_metadata"."key" = ? LIMIT ?[0m  [["key", "schema_sha1"], ["LIMIT", 1]]
  [1m[35m (0.0ms)[0m  [1m[36mbegin transaction[0m
  [1m[36mActiveRecord::InternalMetadata Create (0.2ms)[0m  [1m[32mINSERT INTO "ar_internal_metadata" ("key", "value", "created_at", "updated_at") VALUES (?, ?, ?, ?)[0m  [["key", "schema_sha1"], ["value", "1ea7244e7b75b45b6497672f4b06462b7130af89"], ["created_at", "2020-02-17 18:21:35.684547"], ["updated_at", "2020-02-17 18:21:35.684547"]]
  [1m[35m (0.7ms)[0m  [1m[36mcommit transaction[0m
  [1m[35m (0.0ms)[0m  [1m[34mSELECT sqlite_version(*)[0m
  [1m[35m (0.1ms)[0m  [1m[35mDROP TABLE IF EXISTS "app_component_games"[0m
  [1m[35m (1.0ms)[0m  [1m[35mCREATE TABLE "app_component_games" ("id" integer PRIMARY KEY AUTOINCREMENT NOT NULL, "date" datetime, "location" varchar, "first_team_id" integer, "second_team_id" integer, "winning_team" integer, "first_team_score" integer, "second_team_score" integer, "created_at" datetime(6) NOT NULL, "updated_at" datetime(6) NOT NULL)[0m
  [1m[35m (0.2ms)[0m  [1m[35mDROP TABLE IF EXISTS "app_component_teams"[0m
  [1m[35m (1.6ms)[0m  [1m[35mCREATE TABLE "app_component_teams" ("id" integer PRIMARY KEY AUTOINCREMENT NOT NULL, "name" varchar, "created_at" datetime(6) NOT NULL, "updated_at" datetime(6) NOT NULL)[0m
  [1m[35m (0.9ms)[0m  [1m[35mCREATE TABLE "schema_migrations" ("version" varchar NOT NULL PRIMARY KEY)[0m
  [1m[35m (0.1ms)[0m  [1m[34mSELECT "schema_migrations"."version" FROM "schema_migrations" ORDER BY "schema_migrations"."version" ASC[0m
  [1m[35m (1.0ms)[0m  [1m[32mINSERT INTO "schema_migrations" (version) VALUES (20200211175626)[0m
  [1m[35m (0.8ms)[0m  [1m[32mINSERT INTO "schema_migrations" (version) VALUES
(20200211175509);

[0m
  [1m[35m (1.0ms)[0m  [1m[35mCREATE TABLE "ar_internal_metadata" ("key" varchar NOT NULL PRIMARY KEY, "value" varchar, "created_at" datetime(6) NOT NULL, "updated_at" datetime(6) NOT NULL)[0m
  [1m[36mActiveRecord::InternalMetadata Load (0.1ms)[0m  [1m[34mSELECT "ar_internal_metadata".* FROM "ar_internal_metadata" WHERE "ar_internal_metadata"."key" = ? LIMIT ?[0m  [["key", "environment"], ["LIMIT", 1]]
  [1m[35m (0.0ms)[0m  [1m[36mbegin transaction[0m
  [1m[36mActiveRecord::InternalMetadata Create (0.2ms)[0m  [1m[32mINSERT INTO "ar_internal_metadata" ("key", "value", "created_at", "updated_at") VALUES (?, ?, ?, ?)[0m  [["key", "environment"], ["value", "development"], ["created_at", "2020-02-17 18:21:35.706279"], ["updated_at", "2020-02-17 18:21:35.706279"]]
  [1m[35m (0.6ms)[0m  [1m[36mcommit transaction[0m
  [1m[36mActiveRecord::InternalMetadata Load (0.1ms)[0m  [1m[34mSELECT "ar_internal_metadata".* FROM "ar_internal_metadata" WHERE "ar_internal_metadata"."key" = ? LIMIT ?[0m  [["key", "environment"], ["LIMIT", 1]]
  [1m[35m (0.0ms)[0m  [1m[36mbegin transaction[0m
  [1m[36mActiveRecord::InternalMetadata Update (0.3ms)[0m  [1m[33mUPDATE "ar_internal_metadata" SET "value" = ?, "updated_at" = ? WHERE "ar_internal_metadata"."key" = ?[0m  [["value", "test"], ["updated_at", "2020-02-17 18:21:35.710490"], ["key", "environment"]]
  [1m[35m (0.6ms)[0m  [1m[36mcommit transaction[0m
  [1m[36mActiveRecord::InternalMetadata Load (0.1ms)[0m  [1m[34mSELECT "ar_internal_metadata".* FROM "ar_internal_metadata" WHERE "ar_internal_metadata"."key" = ? LIMIT ?[0m  [["key", "schema_sha1"], ["LIMIT", 1]]
  [1m[35m (0.0ms)[0m  [1m[36mbegin transaction[0m
  [1m[36mActiveRecord::InternalMetadata Create (0.3ms)[0m  [1m[32mINSERT INTO "ar_internal_metadata" ("key", "value", "created_at", "updated_at") VALUES (?, ?, ?, ?)[0m  [["key", "schema_sha1"], ["value", "1ea7244e7b75b45b6497672f4b06462b7130af89"], ["created_at", "2020-02-17 18:21:35.715481"], ["updated_at", "2020-02-17 18:21:35.715481"]]
  [1m[35m (0.7ms)[0m  [1m[36mcommit transaction[0m
  [1m[35m (0.0ms)[0m  [1m[34mSELECT sqlite_version(*)[0m
  [1m[35m (0.1ms)[0m  [1m[34mSELECT "schema_migrations"."version" FROM "schema_migrations" ORDER BY "schema_migrations"."version" ASC[0m
  [1m[35m (1.2ms)[0m  [1m[34mSELECT sqlite_version(*)[0m
  [1m[35m (0.1ms)[0m  [1m[34mSELECT sqlite_version(*)[0m
  [1m[35m (0.0ms)[0m  [1m[34mSELECT sqlite_version(*)[0m
  [1m[35m (0.5ms)[0m  [1m[34mSELECT "schema_migrations"."version" FROM "schema_migrations" ORDER BY "schema_migrations"."version" ASC[0m
  [1m[36mActiveRecord::InternalMetadata Load (0.5ms)[0m  [1m[34mSELECT "ar_internal_metadata".* FROM "ar_internal_metadata" WHERE "ar_internal_metadata"."key" = ? LIMIT ?[0m  [["key", "environment"], ["LIMIT", 1]]
  [1m[35m (0.0ms)[0m  [1m[34mSELECT sqlite_version(*)[0m
  [1m[35m (0.1ms)[0m  [1m[34mSELECT "schema_migrations"."version" FROM "schema_migrations" ORDER BY "schema_migrations"."version" ASC[0m
